<?xml version="1.0" encoding="UTF-8"?>
<!-- Generated by org.testng.reporters.JUnitXMLReporter -->
<testsuite hostname="DESKTOP-R" ignored="0" name="Command line test" tests="6" failures="0" timestamp="18 jul 2021 18:09:53 GMT" time="0.033" errors="0">
  <testcase name="IOSApps" time="0.004" classname="qaclickacademynumber2.AppiumTest"/>
  <testcase name="NativeAppAndroid" time="0.0" classname="qaclickacademynumber2.AppiumTest"/>
  <testcase name="deleteTwitter" time="0.0" classname="qaclickacademynumber2.RESTAPITest"/>
  <testcase name="postJira" time="0.0" classname="qaclickacademynumber2.RESTAPITest"/>
  <testcase name="BrowserAutomation" time="0.0" classname="qaclickacademynumber2.SeleniumTest"/>
  <testcase name="elementsUi" time="0.0" classname="qaclickacademynumber2.SeleniumTest"/>
</testsuite> <!-- Command line test -->
