<?xml version="1.0" encoding="UTF-8"?>
<!-- Generated by org.testng.reporters.JUnitXMLReporter -->
<testsuite hostname="DESKTOP-R" ignored="0" name="Test" tests="6" failures="0" timestamp="18 jul 2021 18:11:52 GMT" time="0.027" errors="0">
  <testcase name="BrowserAutomation" time="0.006" classname="qaclickacademynumber2.SeleniumTest"/>
  <testcase name="elementsUi" time="0.0" classname="qaclickacademynumber2.SeleniumTest"/>
  <testcase name="IOSApps" time="0.0" classname="qaclickacademynumber2.AppiumTest"/>
  <testcase name="NativeAppAndroid" time="0.001" classname="qaclickacademynumber2.AppiumTest"/>
  <testcase name="deleteTwitter" time="0.0" classname="qaclickacademynumber2.RESTAPITest"/>
  <testcase name="postJira" time="0.0" classname="qaclickacademynumber2.RESTAPITest"/>
</testsuite> <!-- Test -->
