<?xml version="1.0" encoding="UTF-8"?>
<testng-results skipped="0" failed="0" ignored="0" total="6" passed="6">
  <reporter-output>
  </reporter-output>
  <suite name="Suite" duration-ms="27" started-at="2021-07-18T18:11:52Z" finished-at="2021-07-18T18:11:52Z">
    <groups>
    </groups>
    <test name="Test" duration-ms="27" started-at="2021-07-18T18:11:52Z" finished-at="2021-07-18T18:11:52Z">
      <class name="qaclickacademynumber2.SeleniumTest">
        <test-method status="PASS" signature="BrowserAutomation()[pri:0, instance:qaclickacademynumber2.SeleniumTest@548b7f67]" name="BrowserAutomation" duration-ms="6" started-at="2021-07-18T18:11:52Z" finished-at="2021-07-18T18:11:52Z">
          <reporter-output>
          </reporter-output>
        </test-method> <!-- BrowserAutomation -->
        <test-method status="PASS" signature="elementsUi()[pri:0, instance:qaclickacademynumber2.SeleniumTest@548b7f67]" name="elementsUi" duration-ms="0" started-at="2021-07-18T18:11:52Z" finished-at="2021-07-18T18:11:52Z">
          <reporter-output>
          </reporter-output>
        </test-method> <!-- elementsUi -->
      </class> <!-- qaclickacademynumber2.SeleniumTest -->
      <class name="qaclickacademynumber2.RESTAPITest">
        <test-method status="PASS" signature="deleteTwitter()[pri:0, instance:qaclickacademynumber2.RESTAPITest@6d78f375]" name="deleteTwitter" duration-ms="0" started-at="2021-07-18T18:11:52Z" finished-at="2021-07-18T18:11:52Z">
          <reporter-output>
          </reporter-output>
        </test-method> <!-- deleteTwitter -->
        <test-method status="PASS" signature="postJira()[pri:0, instance:qaclickacademynumber2.RESTAPITest@6d78f375]" name="postJira" duration-ms="0" started-at="2021-07-18T18:11:52Z" finished-at="2021-07-18T18:11:52Z">
          <reporter-output>
          </reporter-output>
        </test-method> <!-- postJira -->
      </class> <!-- qaclickacademynumber2.RESTAPITest -->
      <class name="qaclickacademynumber2.AppiumTest">
        <test-method status="PASS" signature="IOSApps()[pri:0, instance:qaclickacademynumber2.AppiumTest@7ac7a4e4]" name="IOSApps" duration-ms="0" started-at="2021-07-18T18:11:52Z" finished-at="2021-07-18T18:11:52Z">
          <reporter-output>
          </reporter-output>
        </test-method> <!-- IOSApps -->
        <test-method status="PASS" signature="NativeAppAndroid()[pri:0, instance:qaclickacademynumber2.AppiumTest@7ac7a4e4]" name="NativeAppAndroid" duration-ms="1" started-at="2021-07-18T18:11:52Z" finished-at="2021-07-18T18:11:52Z">
          <reporter-output>
          </reporter-output>
        </test-method> <!-- NativeAppAndroid -->
      </class> <!-- qaclickacademynumber2.AppiumTest -->
    </test> <!-- Test -->
  </suite> <!-- Suite -->
</testng-results>
